


ARM Macro Assembler    Page 1 


    1 00000000                 PRESERVE8
    2 00000000                 THUMB
    3 00000000                 include          DriverJeuLaser.inc
    1 00000000         
    2 00000000         ; Bibliotheque DriverJeuLaser (ancienne gassp72 adaptée 
                       2021 - TR)
    3 00000000         ; Accès en aux fonctions suivantes :
    4 00000000         ; GPIO :
    5 00000000         ; GPIOA_Set(char Broche), GPIOB_Set(char Broche), GPIOC_
                       Set(char Broche)
    6 00000000         ; GPIOA_Clear(char Broche), GPIOB_Clear(char Broche), GP
                       IOC_Clear(char Broche)
    7 00000000         
    8 00000000         ; PWM :
    9 00000000         ;/**
   10 00000000         ; * @brief  Fixe une valeur de PWM, Val, en tick horloge
                       . La rapport cyclique effectif
   11 00000000         ; * est donc : rcy = Thaut_ticks / Periode_ticks
   12 00000000         ; * @note   spécifique Jeu Laser, PWM liée exclusivement
                        au TIM3, chan3
   13 00000000         ; * @param  Thaut_ticks : durée de l'état haut d'une imp
                       ulsion en Ticks
   14 00000000         ;  * @retval None
   15 00000000         ; */
   16 00000000         
   17 00000000         ;void PWM_Set_Value_TIM3_Ch3( unsigned short int Thaut_t
                       icks);
   18 00000000                 import           PWM_Set_Value_TIM3_Ch3
   19 00000000         
   20 00000000         
   21 00000000         
   22 00000000         ;/**
   23 00000000         ; * @brief  Mise à 1 d'une broche GPIO 
   24 00000000         ;  * @note   Une fonction par GPIO
   25 00000000         ; * @param  Broche : 0 à 15
   26 00000000         ; * @retval None
   27 00000000         ; */
   28 00000000         
   29 00000000         ;void GPIOA_Set(char Broche);
   30 00000000                 import           GPIOA_Set
   31 00000000         
   32 00000000         ;void GPIOB_Set(char Broche);
   33 00000000                 import           GPIOB_Set
   34 00000000         
   35 00000000         ;void GPIOC_Set(char Broche);
   36 00000000                 import           GPIOC_Set
   37 00000000         
   38 00000000         
   39 00000000         
   40 00000000         ;/**
   41 00000000         ; * @brief  Mise à 0 d'une broche GPIO 
   42 00000000         ;  * @note   Une fonction par GPIO
   43 00000000         ; * @param  Broche : 0 à 15
   44 00000000         ; * @retval None
   45 00000000         ;  */
   46 00000000         
   47 00000000         ;void GPIOA_Clear(char Broche);
   48 00000000                 import           GPIOA_Clear
   49 00000000         



ARM Macro Assembler    Page 2 


   50 00000000         ;void GPIOB_Clear(char Broche);
   51 00000000                 import           GPIOB_Clear
   52 00000000         
   53 00000000         ;void GPIOC_Clear(char Broche);
   54 00000000                 import           GPIOC_Clear
   55 00000000         
   56 00000000                 end
    4 00000000                 import           LongueurSon
    5 00000000                 import           Son
    6 00000000                 export           CallbackSon
    7 00000000                 export           SortieSon
    8 00000000                 export           index
    9 00000000         ; ====================== zone de réservation de données,
                         ======================================
   10 00000000         ;Section RAM (read only) :
   11 00000000                 area             mesdata,data,readonly
   12 00000000         
   13 00000000         
   14 00000000         ;Section RAM (read write):
   15 00000000                 area             maram,data,readwrite
   16 00000000 00000000 
                       SortieSon
                               dcd              0
   17 00000004 00000000 
                       index   dcd              0
   18 00000008         
   19 00000008         ; ======================================================
                       =========================================
   20 00000008         
   21 00000008         
   22 00000008         
   23 00000008         ;callbackson algorithme 
   24 00000008         ;si(index<longueur)
   25 00000008         ;Rx=son[(indice+32767)/92]
   26 00000008         ;indice++
   27 00000008         
   28 00000008         
   29 00000008         
   30 00000008         ;Section ROM code (read only) :  
   31 00000008                 area             moncode,code,readonly
   32 00000000         ;fonction StartSon qui permet de lancer la séquence sono
                       re
   33 00000000         StartSon
                               proc
   34 00000000 4810            ldr              r0,=index
   35 00000002 F04F 0100       mov              r1,#0
   36 00000006 6001            str              r1,[r0]
   37 00000008                 ENDP
   38 00000008         
   39 00000008         ; écrire le code ici  
   40 00000008         CallbackSon
                               proc
   41 00000008 B570            push             {lr,r4,r5,r6}
   42 0000000A 4C0F            ldr              r4,=LongueurSon
   43 0000000C 6823            ldr              r3,[r4]     ; r1;val longueurSo
                                                            n
   44 0000000E 4C0D            ldr              r4 , =index ; r4 @index
   45 00000010 6822            ldr              r2,[r4]     ;r2 val index 
   46 00000012 4293            cmp              r3,r2       ; comparaison de in



ARM Macro Assembler    Page 3 


                                                            dex et LongueurSon 
                                                            
   47 00000014 D013            beq              Next        ; si index > longue
                                                            urSonpsser a Next 
   48 00000016         
   49 00000016 490D            ldr              r1,= Son    ; recup de @ son
   50 00000018 F931 0012       ldrsh            r0,[r1,r2,lsl #1] ;echanti
   51 0000001C 4D0C            ldr              r5,=SortieSon
   52 0000001E         ; mise a l echelle
   53 0000001E F500 4000       add              r0, #32768
   54 00000022 F44F 7634       mov              r6, #720
   55 00000026 FB00 F006       mul              r0, r0, r6
   56 0000002A EA4F 4020       asr              r0,#16
   57 0000002E 6028            str              r0,[r5]
   58 00000030 B404            push             {R2}
   59 00000032 F7FF FFFE       bl               PWM_Set_Value_TIM3_Ch3 ; mettre
                                                             à jour le rapport 
                                                            cyclique  
   60 00000036 BC04            pop              {R2}
   61 00000038 F102 0201       add              r2,r2,#1    ;incrementation d'i
                                                            ndex
   62 0000003C 6022            str              r2,[r4]
   63 0000003E         ;b Fin
   64 0000003E         
   65 0000003E         Next
   66 0000003E         
   67 0000003E         
   68 0000003E E8BD 4070       pop{lr,r4,r5,r6}
   69 00000042         
   70 00000042 4770            bx               lr
   71 00000044         
   72 00000044                 ENDP
   73 00000044         
   74 00000044                 END
              00000000 
              00000000 
              00000000 
              00000000 
Command Line: --debug --xref --diag_suppress=9931 --cpu=Cortex-M3 --apcs=interw
ork --depend=.\obj\gestionson.d -o.\obj\gestionson.o -I.\Driver -I.\RTE\_CibleS
ondeKEIL -IC:\Programdata\Keil\Arm\Packs\ARM\CMSIS\5.7.0\CMSIS\Core\Include -IC
:\Programdata\Keil\Arm\Packs\Keil\STM32F1xx_DFP\2.3.0\Device\Include --predefin
e="__EVAL SETA 1" --predefine="__MICROLIB SETA 1" --predefine="__UVISION_VERSIO
N SETA 534" --predefine="_RTE_ SETA 1" --predefine="STM32F10X_MD SETA 1" --pred
efine="_RTE_ SETA 1" --list=gestionson.lst Src\GestionSon.s



ARM Macro Assembler    Page 1 Alphabetic symbol ordering
Relocatable symbols

mesdata 00000000

Symbol: mesdata
   Definitions
      At line 11 in file Src\GestionSon.s
   Uses
      None
Comment: mesdata unused
1 symbol



ARM Macro Assembler    Page 1 Alphabetic symbol ordering
Relocatable symbols

SortieSon 00000000

Symbol: SortieSon
   Definitions
      At line 16 in file Src\GestionSon.s
   Uses
      At line 7 in file Src\GestionSon.s
      At line 51 in file Src\GestionSon.s

index 00000004

Symbol: index
   Definitions
      At line 17 in file Src\GestionSon.s
   Uses
      At line 8 in file Src\GestionSon.s
      At line 34 in file Src\GestionSon.s
      At line 44 in file Src\GestionSon.s

maram 00000000

Symbol: maram
   Definitions
      At line 15 in file Src\GestionSon.s
   Uses
      None
Comment: maram unused
3 symbols



ARM Macro Assembler    Page 1 Alphabetic symbol ordering
Relocatable symbols

CallbackSon 00000008

Symbol: CallbackSon
   Definitions
      At line 40 in file Src\GestionSon.s
   Uses
      At line 6 in file Src\GestionSon.s
Comment: CallbackSon used once
Next 0000003E

Symbol: Next
   Definitions
      At line 65 in file Src\GestionSon.s
   Uses
      At line 47 in file Src\GestionSon.s
Comment: Next used once
StartSon 00000000

Symbol: StartSon
   Definitions
      At line 33 in file Src\GestionSon.s
   Uses
      None
Comment: StartSon unused
moncode 00000000

Symbol: moncode
   Definitions
      At line 31 in file Src\GestionSon.s
   Uses
      None
Comment: moncode unused
4 symbols



ARM Macro Assembler    Page 1 Alphabetic symbol ordering
External symbols

GPIOA_Clear 00000000

Symbol: GPIOA_Clear
   Definitions
      At line 48 in file .\Driver\DriverJeuLaser.inc
   Uses
      None
Comment: GPIOA_Clear unused
GPIOA_Set 00000000

Symbol: GPIOA_Set
   Definitions
      At line 30 in file .\Driver\DriverJeuLaser.inc
   Uses
      None
Comment: GPIOA_Set unused
GPIOB_Clear 00000000

Symbol: GPIOB_Clear
   Definitions
      At line 51 in file .\Driver\DriverJeuLaser.inc
   Uses
      None
Comment: GPIOB_Clear unused
GPIOB_Set 00000000

Symbol: GPIOB_Set
   Definitions
      At line 33 in file .\Driver\DriverJeuLaser.inc
   Uses
      None
Comment: GPIOB_Set unused
GPIOC_Clear 00000000

Symbol: GPIOC_Clear
   Definitions
      At line 54 in file .\Driver\DriverJeuLaser.inc
   Uses
      None
Comment: GPIOC_Clear unused
GPIOC_Set 00000000

Symbol: GPIOC_Set
   Definitions
      At line 36 in file .\Driver\DriverJeuLaser.inc
   Uses
      None
Comment: GPIOC_Set unused
LongueurSon 00000000

Symbol: LongueurSon
   Definitions
      At line 4 in file Src\GestionSon.s
   Uses
      At line 42 in file Src\GestionSon.s
Comment: LongueurSon used once
PWM_Set_Value_TIM3_Ch3 00000000

Symbol: PWM_Set_Value_TIM3_Ch3



ARM Macro Assembler    Page 2 Alphabetic symbol ordering
External symbols

   Definitions
      At line 18 in file .\Driver\DriverJeuLaser.inc
   Uses
      At line 59 in file Src\GestionSon.s
Comment: PWM_Set_Value_TIM3_Ch3 used once
Son 00000000

Symbol: Son
   Definitions
      At line 5 in file Src\GestionSon.s
   Uses
      At line 49 in file Src\GestionSon.s
Comment: Son used once
9 symbols
354 symbols in table
