


ARM Macro Assembler    Page 1 


    1 00000000                 PRESERVE8
    2 00000000                 THUMB
    3 00000000         
    4 00000000         ; ====================== zone de réservation de données,
                         ======================================
    5 00000000         ;Section RAM (read only) :
    6 00000000                 area             mesdata,data,readonly
    7 00000000         
    8 00000000         
    9 00000000         ;Section RAM (read write):
   10 00000000                 area             maram,data,readwrite
   11 00000000         
   12 00000000         
   13 00000000         
   14 00000000         ; ======================================================
                       =========================================
   15 00000000         
   16 00000000         
   17 00000000         
   18 00000000         
   19 00000000         ;Section ROM code (read only) :  
   20 00000000                 area             moncode,code,readonly
   21 00000000         ; écrire le code ici 
   22 00000000         ;code 
   23 00000000         ; push{lr,r4}
   24 00000000         ; ldr r4,=LeSignal  ; l'@ de LeSignal
   25 00000000         ; ldr r3,[r4]
   26 00000000         ; mov r2,#0x00   ; initialisation de la variable i 
   27 00000000         ; ldrsh r1,[r3,r2,lsl #1]
   28 00000000         ; add r2,
   29 00000000         
   30 00000000         
   31 00000000                 export           DFT_ModuleAuCarre
   32 00000000                 export           calcul_Reel_Img
   33 00000000                 import           LeSignal
   34 00000000         
   35 00000000         
   36 00000000         
   37 00000000         DFT_ModuleAuCarre
                               PROC
   38 00000000         ; r0 contient k
   39 00000000         ; r1 contient @ de signal
   40 00000000         ; r3 contient Re
   41 00000000         ; r2 contient Im
   42 00000000 B5F0            push             { lr , r4-r7}
   43 00000002         
   44 00000002 F04F 0400       mov              r4, #0x00
   45 00000006 F04F 0500       mov              r5, #0x00
   46 0000000A F04F 0600       mov              r6, #0x00
   47 0000000E F04F 0700       mov              r7, #0x00
   48 00000012         
   49 00000012         
   50 00000012         ; prépare appel Reel
   51 00000012 4A17            ldr              r2, = TabCos ; r2 contient l'@ 
                                                            de TabCos
   52 00000014 B403            push             {r0,r1}
   53 00000016 F7FF FFFE       bl               calcul_Reel_Img
   54 0000001A         ; sauvegarder résultat Reel
   55 0000001A 4603            mov              r3,r0       ; r3 prend le conte



ARM Macro Assembler    Page 2 


                                                            nu de r0 : RE 
   56 0000001C BC03            pop{r0,r1}
   57 0000001E B408            push             {r3}
   58 00000020         
   59 00000020         ; prépare appel Im
   60 00000020 4A14            ldr              r2, =TabSin ; on met l'@ de Tab
                                                            Sin
   61 00000022 F7FF FFFE       bl               calcul_Reel_Img
   62 00000026         
   63 00000026 4602            mov              r2 , r0     ; r2 contient Im
   64 00000028         
   65 00000028 BC08            pop{r3}
   66 0000002A         
   67 0000002A FB83 4503       smull            r4,r5, r3,r3 ; re **2
   68 0000002E FBC2 4502       smlal            r4,r5, r2,r2 ; r4,r5 = r4,r5+r2
                                                            *r2
   69 00000032         ;smull r6,r7,r2,r2  ; im**2
   70 00000032         
   71 00000032         ;add r5,r7 ; Re²+Im²
   72 00000032 4628            mov              r0,r5
   73 00000034         
   74 00000034 E8BD 40F0       pop              {lr , r4-r7}
   75 00000038         
   76 00000038 4770            bx               lr
   77 0000003A                 endp
   78 0000003A         
   79 0000003A         
   80 0000003A         
   81 0000003A         
   82 0000003A         calcul_Reel_Img
                               proc
   83 0000003A         
   84 0000003A B4F0            push             {r4,r5,r6,r7}
   85 0000003C         
   86 0000003C         ; r0 contient k
   87 0000003C         ; r1 contient @Signal 
   88 0000003C         ; r2 cotient TabCos
   89 0000003C         ; r3 contient x(i) échantillon signal
   90 0000003C         ; r4 contient cos(ik)
   91 0000003C         ; r5 contient ik
   92 0000003C         ; r6 la somme des x(i)*cos(ik)
   93 0000003C         ; r7 contient x(i)*cos(ik)
   94 0000003C         ; r12 contient i
   95 0000003C         
   96 0000003C F04F 0600       mov              r6, #0X00
   97 00000040 F04F 0C00       mov              r12, #0X00
   98 00000044         
   99 00000044 E7FF            b                LOOP
  100 00000046         LOOP
  101 00000046         ;on calcule ik 
  102 00000046 FB0C F500       mul              r5, r12,r0
  103 0000004A F005 053F       and              r5, #0x3F   ; r5 contient ik [6
                                                            4]
  104 0000004E         ; on recupere cos ik  ou sin 
  105 0000004E F932 4015       ldrsh            r4 ,[r2, r5, lsl #0X01]
  106 00000052         ; r3 contient l'echantillon du signal x(i)
  107 00000052 F931 301C       ldrsh            r3, [r1,r12, lsl #0x01]
  108 00000056         ;x(i)*cos(ik) ou sin(ik)
  109 00000056 FB03 F704       mul              r7, r3, r4



ARM Macro Assembler    Page 3 


  110 0000005A         ; somme 
  111 0000005A 443E            add              r6 , r7
  112 0000005C         ; incrementation de i 
  113 0000005C F10C 0C01       add              r12, #0X01
  114 00000060         ; comparaison entre i et N 
  115 00000060 F1BC 0F40       cmp              r12, #64
  116 00000064 D1EF            bne              LOOP
  117 00000066         ; sinon on quite la boucle 
  118 00000066         ; le resultat est stocke dans r6 ON LE MOV TO r0 
  119 00000066 4630            mov              r0,r6
  120 00000068 E7FF            b                fin
  121 0000006A         
  122 0000006A         fin
  123 0000006A BCF0            pop              {r4,r5,r6,r7}
  124 0000006C 4770            bx               lr
  125 0000006E                 endp
  126 0000006E         
  127 0000006E         
  128 0000006E         
  129 0000006E         
  130 0000006E         
  131 0000006E         
  132 0000006E         
  133 0000006E         
  134 0000006E         
  135 0000006E         
  136 0000006E         ;Section ROM code (read only) :  
  137 0000006E 00 00 00000000 
              00000000         AREA             Trigo, DATA, READONLY
  138 00000000         ; codage fractionnaire 1.15
  139 00000000         
  140 00000000         TabCos
  141 00000000 FF 7F           DCW              32767       ;  0 0x7fff  0.9999
                                                            7
  142 00000002 62 7F           DCW              32610       ;  1 0x7f62  0.9951
                                                            8
  143 00000004 8A 7D           DCW              32138       ;  2 0x7d8a  0.9807
                                                            7
  144 00000006 7D 7A           DCW              31357       ;  3 0x7a7d  0.9569
                                                            4
  145 00000008 42 76           DCW              30274       ;  4 0x7642  0.9238
                                                            9
  146 0000000A E3 70           DCW              28899       ;  5 0x70e3  0.8819
                                                            3
  147 0000000C 6E 6A           DCW              27246       ;  6 0x6a6e  0.8314
                                                            8
  148 0000000E F2 62           DCW              25330       ;  7 0x62f2  0.7730
                                                            1
  149 00000010 82 5A           DCW              23170       ;  8 0x5a82  0.7070
                                                            9
  150 00000012 34 51           DCW              20788       ;  9 0x5134  0.6344
                                                            0
  151 00000014 1D 47           DCW              18205       ; 10 0x471d  0.5555
                                                            7
  152 00000016 57 3C           DCW              15447       ; 11 0x3c57  0.4714
                                                            1
  153 00000018 FC 30           DCW              12540       ; 12 0x30fc  0.3826
                                                            9
  154 0000001A 28 25           DCW              9512        ; 13 0x2528  0.2902



ARM Macro Assembler    Page 4 


                                                            8
  155 0000001C F9 18           DCW              6393        ; 14 0x18f9  0.1951
                                                            0
  156 0000001E 8C 0C           DCW              3212        ; 15 0x0c8c  0.0980
                                                            2
  157 00000020 00 00           DCW              0           ; 16 0x0000  0.0000
                                                            0
  158 00000022 74 F3           DCW              -3212       ; 17 0xf374 -0.0980
                                                            2
  159 00000024 07 E7           DCW              -6393       ; 18 0xe707 -0.1951
                                                            0
  160 00000026 D8 DA           DCW              -9512       ; 19 0xdad8 -0.2902
                                                            8
  161 00000028 04 CF           DCW              -12540      ; 20 0xcf04 -0.3826
                                                            9
  162 0000002A A9 C3           DCW              -15447      ; 21 0xc3a9 -0.4714
                                                            1
  163 0000002C E3 B8           DCW              -18205      ; 22 0xb8e3 -0.5555
                                                            7
  164 0000002E CC AE           DCW              -20788      ; 23 0xaecc -0.6344
                                                            0
  165 00000030 7E A5           DCW              -23170      ; 24 0xa57e -0.7070
                                                            9
  166 00000032 0E 9D           DCW              -25330      ; 25 0x9d0e -0.7730
                                                            1
  167 00000034 92 95           DCW              -27246      ; 26 0x9592 -0.8314
                                                            8
  168 00000036 1D 8F           DCW              -28899      ; 27 0x8f1d -0.8819
                                                            3
  169 00000038 BE 89           DCW              -30274      ; 28 0x89be -0.9238
                                                            9
  170 0000003A 83 85           DCW              -31357      ; 29 0x8583 -0.9569
                                                            4
  171 0000003C 76 82           DCW              -32138      ; 30 0x8276 -0.9807
                                                            7
  172 0000003E 9E 80           DCW              -32610      ; 31 0x809e -0.9951
                                                            8
  173 00000040 00 80           DCW              -32768      ; 32 0x8000 -1.0000
                                                            0
  174 00000042 9E 80           DCW              -32610      ; 33 0x809e -0.9951
                                                            8
  175 00000044 76 82           DCW              -32138      ; 34 0x8276 -0.9807
                                                            7
  176 00000046 83 85           DCW              -31357      ; 35 0x8583 -0.9569
                                                            4
  177 00000048 BE 89           DCW              -30274      ; 36 0x89be -0.9238
                                                            9
  178 0000004A 1D 8F           DCW              -28899      ; 37 0x8f1d -0.8819
                                                            3
  179 0000004C 92 95           DCW              -27246      ; 38 0x9592 -0.8314
                                                            8
  180 0000004E 0E 9D           DCW              -25330      ; 39 0x9d0e -0.7730
                                                            1
  181 00000050 7E A5           DCW              -23170      ; 40 0xa57e -0.7070
                                                            9
  182 00000052 CC AE           DCW              -20788      ; 41 0xaecc -0.6344
                                                            0
  183 00000054 E3 B8           DCW              -18205      ; 42 0xb8e3 -0.5555
                                                            7



ARM Macro Assembler    Page 5 


  184 00000056 A9 C3           DCW              -15447      ; 43 0xc3a9 -0.4714
                                                            1
  185 00000058 04 CF           DCW              -12540      ; 44 0xcf04 -0.3826
                                                            9
  186 0000005A D8 DA           DCW              -9512       ; 45 0xdad8 -0.2902
                                                            8
  187 0000005C 07 E7           DCW              -6393       ; 46 0xe707 -0.1951
                                                            0
  188 0000005E 74 F3           DCW              -3212       ; 47 0xf374 -0.0980
                                                            2
  189 00000060 00 00           DCW              0           ; 48 0x0000  0.0000
                                                            0
  190 00000062 8C 0C           DCW              3212        ; 49 0x0c8c  0.0980
                                                            2
  191 00000064 F9 18           DCW              6393        ; 50 0x18f9  0.1951
                                                            0
  192 00000066 28 25           DCW              9512        ; 51 0x2528  0.2902
                                                            8
  193 00000068 FC 30           DCW              12540       ; 52 0x30fc  0.3826
                                                            9
  194 0000006A 57 3C           DCW              15447       ; 53 0x3c57  0.4714
                                                            1
  195 0000006C 1D 47           DCW              18205       ; 54 0x471d  0.5555
                                                            7
  196 0000006E 34 51           DCW              20788       ; 55 0x5134  0.6344
                                                            0
  197 00000070 82 5A           DCW              23170       ; 56 0x5a82  0.7070
                                                            9
  198 00000072 F2 62           DCW              25330       ; 57 0x62f2  0.7730
                                                            1
  199 00000074 6E 6A           DCW              27246       ; 58 0x6a6e  0.8314
                                                            8
  200 00000076 E3 70           DCW              28899       ; 59 0x70e3  0.8819
                                                            3
  201 00000078 42 76           DCW              30274       ; 60 0x7642  0.9238
                                                            9
  202 0000007A 7D 7A           DCW              31357       ; 61 0x7a7d  0.9569
                                                            4
  203 0000007C 8A 7D           DCW              32138       ; 62 0x7d8a  0.9807
                                                            7
  204 0000007E 62 7F           DCW              32610       ; 63 0x7f62  0.9951
                                                            8
  205 00000080         TabSin
  206 00000080 00 00           DCW              0           ;  0 0x0000  0.0000
                                                            0
  207 00000082 8C 0C           DCW              3212        ;  1 0x0c8c  0.0980
                                                            2
  208 00000084 F9 18           DCW              6393        ;  2 0x18f9  0.1951
                                                            0
  209 00000086 28 25           DCW              9512        ;  3 0x2528  0.2902
                                                            8
  210 00000088 FC 30           DCW              12540       ;  4 0x30fc  0.3826
                                                            9
  211 0000008A 57 3C           DCW              15447       ;  5 0x3c57  0.4714
                                                            1
  212 0000008C 1D 47           DCW              18205       ;  6 0x471d  0.5555
                                                            7
  213 0000008E 34 51           DCW              20788       ;  7 0x5134  0.6344
                                                            0



ARM Macro Assembler    Page 6 


  214 00000090 82 5A           DCW              23170       ;  8 0x5a82  0.7070
                                                            9
  215 00000092 F2 62           DCW              25330       ;  9 0x62f2  0.7730
                                                            1
  216 00000094 6E 6A           DCW              27246       ; 10 0x6a6e  0.8314
                                                            8
  217 00000096 E3 70           DCW              28899       ; 11 0x70e3  0.8819
                                                            3
  218 00000098 42 76           DCW              30274       ; 12 0x7642  0.9238
                                                            9
  219 0000009A 7D 7A           DCW              31357       ; 13 0x7a7d  0.9569
                                                            4
  220 0000009C 8A 7D           DCW              32138       ; 14 0x7d8a  0.9807
                                                            7
  221 0000009E 62 7F           DCW              32610       ; 15 0x7f62  0.9951
                                                            8
  222 000000A0 FF 7F           DCW              32767       ; 16 0x7fff  0.9999
                                                            7
  223 000000A2 62 7F           DCW              32610       ; 17 0x7f62  0.9951
                                                            8
  224 000000A4 8A 7D           DCW              32138       ; 18 0x7d8a  0.9807
                                                            7
  225 000000A6 7D 7A           DCW              31357       ; 19 0x7a7d  0.9569
                                                            4
  226 000000A8 42 76           DCW              30274       ; 20 0x7642  0.9238
                                                            9
  227 000000AA E3 70           DCW              28899       ; 21 0x70e3  0.8819
                                                            3
  228 000000AC 6E 6A           DCW              27246       ; 22 0x6a6e  0.8314
                                                            8
  229 000000AE F2 62           DCW              25330       ; 23 0x62f2  0.7730
                                                            1
  230 000000B0 82 5A           DCW              23170       ; 24 0x5a82  0.7070
                                                            9
  231 000000B2 34 51           DCW              20788       ; 25 0x5134  0.6344
                                                            0
  232 000000B4 1D 47           DCW              18205       ; 26 0x471d  0.5555
                                                            7
  233 000000B6 57 3C           DCW              15447       ; 27 0x3c57  0.4714
                                                            1
  234 000000B8 FC 30           DCW              12540       ; 28 0x30fc  0.3826
                                                            9
  235 000000BA 28 25           DCW              9512        ; 29 0x2528  0.2902
                                                            8
  236 000000BC F9 18           DCW              6393        ; 30 0x18f9  0.1951
                                                            0
  237 000000BE 8C 0C           DCW              3212        ; 31 0x0c8c  0.0980
                                                            2
  238 000000C0 00 00           DCW              0           ; 32 0x0000  0.0000
                                                            0
  239 000000C2 74 F3           DCW              -3212       ; 33 0xf374 -0.0980
                                                            2
  240 000000C4 07 E7           DCW              -6393       ; 34 0xe707 -0.1951
                                                            0
  241 000000C6 D8 DA           DCW              -9512       ; 35 0xdad8 -0.2902
                                                            8
  242 000000C8 04 CF           DCW              -12540      ; 36 0xcf04 -0.3826
                                                            9
  243 000000CA A9 C3           DCW              -15447      ; 37 0xc3a9 -0.4714



ARM Macro Assembler    Page 7 


                                                            1
  244 000000CC E3 B8           DCW              -18205      ; 38 0xb8e3 -0.5555
                                                            7
  245 000000CE CC AE           DCW              -20788      ; 39 0xaecc -0.6344
                                                            0
  246 000000D0 7E A5           DCW              -23170      ; 40 0xa57e -0.7070
                                                            9
  247 000000D2 0E 9D           DCW              -25330      ; 41 0x9d0e -0.7730
                                                            1
  248 000000D4 92 95           DCW              -27246      ; 42 0x9592 -0.8314
                                                            8
  249 000000D6 1D 8F           DCW              -28899      ; 43 0x8f1d -0.8819
                                                            3
  250 000000D8 BE 89           DCW              -30274      ; 44 0x89be -0.9238
                                                            9
  251 000000DA 83 85           DCW              -31357      ; 45 0x8583 -0.9569
                                                            4
  252 000000DC 76 82           DCW              -32138      ; 46 0x8276 -0.9807
                                                            7
  253 000000DE 9E 80           DCW              -32610      ; 47 0x809e -0.9951
                                                            8
  254 000000E0 00 80           DCW              -32768      ; 48 0x8000 -1.0000
                                                            0
  255 000000E2 9E 80           DCW              -32610      ; 49 0x809e -0.9951
                                                            8
  256 000000E4 76 82           DCW              -32138      ; 50 0x8276 -0.9807
                                                            7
  257 000000E6 83 85           DCW              -31357      ; 51 0x8583 -0.9569
                                                            4
  258 000000E8 BE 89           DCW              -30274      ; 52 0x89be -0.9238
                                                            9
  259 000000EA 1D 8F           DCW              -28899      ; 53 0x8f1d -0.8819
                                                            3
  260 000000EC 92 95           DCW              -27246      ; 54 0x9592 -0.8314
                                                            8
  261 000000EE 0E 9D           DCW              -25330      ; 55 0x9d0e -0.7730
                                                            1
  262 000000F0 7E A5           DCW              -23170      ; 56 0xa57e -0.7070
                                                            9
  263 000000F2 CC AE           DCW              -20788      ; 57 0xaecc -0.6344
                                                            0
  264 000000F4 E3 B8           DCW              -18205      ; 58 0xb8e3 -0.5555
                                                            7
  265 000000F6 A9 C3           DCW              -15447      ; 59 0xc3a9 -0.4714
                                                            1
  266 000000F8 04 CF           DCW              -12540      ; 60 0xcf04 -0.3826
                                                            9
  267 000000FA D8 DA           DCW              -9512       ; 61 0xdad8 -0.2902
                                                            8
  268 000000FC 07 E7           DCW              -6393       ; 62 0xe707 -0.1951
                                                            0
  269 000000FE 74 F3           DCW              -3212       ; 63 0xf374 -0.0980
                                                            2
  270 00000100         
  271 00000100         
  272 00000100         
  273 00000100         
  274 00000100                 END
Command Line: --debug --xref --diag_suppress=9931 --cpu=Cortex-M3 --apcs=interw



ARM Macro Assembler    Page 8 


ork --depend=.\obj\dft.d -o.\obj\dft.o -I.\RTE\_Simu -IC:\Programdata\Keil\Arm\
Packs\ARM\CMSIS\5.7.0\CMSIS\Core\Include -IC:\Programdata\Keil\Arm\Packs\Keil\S
TM32F1xx_DFP\2.3.0\Device\Include --predefine="__EVAL SETA 1" --predefine="__MI
CROLIB SETA 1" --predefine="__UVISION_VERSION SETA 534" --predefine="_RTE_ SETA
 1" --predefine="STM32F10X_MD SETA 1" --predefine="_RTE_ SETA 1" --list=dft.lst
 Src\DFT.s



ARM Macro Assembler    Page 1 Alphabetic symbol ordering
Relocatable symbols

mesdata 00000000

Symbol: mesdata
   Definitions
      At line 6 in file Src\DFT.s
   Uses
      None
Comment: mesdata unused
1 symbol



ARM Macro Assembler    Page 1 Alphabetic symbol ordering
Relocatable symbols

maram 00000000

Symbol: maram
   Definitions
      At line 10 in file Src\DFT.s
   Uses
      None
Comment: maram unused
1 symbol



ARM Macro Assembler    Page 1 Alphabetic symbol ordering
Relocatable symbols

DFT_ModuleAuCarre 00000000

Symbol: DFT_ModuleAuCarre
   Definitions
      At line 37 in file Src\DFT.s
   Uses
      At line 31 in file Src\DFT.s
Comment: DFT_ModuleAuCarre used once
LOOP 00000046

Symbol: LOOP
   Definitions
      At line 100 in file Src\DFT.s
   Uses
      At line 99 in file Src\DFT.s
      At line 116 in file Src\DFT.s

calcul_Reel_Img 0000003A

Symbol: calcul_Reel_Img
   Definitions
      At line 82 in file Src\DFT.s
   Uses
      At line 32 in file Src\DFT.s
      At line 53 in file Src\DFT.s
      At line 61 in file Src\DFT.s

fin 0000006A

Symbol: fin
   Definitions
      At line 122 in file Src\DFT.s
   Uses
      At line 120 in file Src\DFT.s
Comment: fin used once
moncode 00000000

Symbol: moncode
   Definitions
      At line 20 in file Src\DFT.s
   Uses
      None
Comment: moncode unused
5 symbols



ARM Macro Assembler    Page 1 Alphabetic symbol ordering
Relocatable symbols

TabCos 00000000

Symbol: TabCos
   Definitions
      At line 140 in file Src\DFT.s
   Uses
      At line 51 in file Src\DFT.s
Comment: TabCos used once
TabSin 00000080

Symbol: TabSin
   Definitions
      At line 205 in file Src\DFT.s
   Uses
      At line 60 in file Src\DFT.s
Comment: TabSin used once
Trigo 00000000

Symbol: Trigo
   Definitions
      At line 137 in file Src\DFT.s
   Uses
      None
Comment: Trigo unused
3 symbols



ARM Macro Assembler    Page 1 Alphabetic symbol ordering
External symbols

LeSignal 00000000

Symbol: LeSignal
   Definitions
      At line 33 in file Src\DFT.s
   Uses
      None
Comment: LeSignal unused
1 symbol
348 symbols in table
