


ARM Macro Assembler    Page 1 


    1 00000000                 AREA             Signal, DATA, READONLY
    2 00000000                 export           LeSignal
    3 00000000         LeSignal
    4 00000000 BA 0F           DCW              0x0fba      ;  0 4026  0.98291
    5 00000002 CB 0E           DCW              0x0ecb      ;  1 3787  0.92456
    6 00000004 46 0D           DCW              0x0d46      ;  2 3398  0.82959
    7 00000006 4D 0B           DCW              0x0b4d      ;  3 2893  0.70630
    8 00000008 0B 09           DCW              0x090b      ;  4 2315  0.56519
    9 0000000A B2 06           DCW              0x06b2      ;  5 1714  0.41846
   10 0000000C 76 04           DCW              0x0476      ;  6 1142  0.27881
   11 0000000E 88 02           DCW              0x0288      ;  7  648  0.15820
   12 00000010 12 01           DCW              0x0112      ;  8  274  0.06689
   13 00000012 35 00           DCW              0x0035      ;  9   53  0.01294
   14 00000014 04 00           DCW              0x0004      ; 10    4  0.00098
   15 00000016 83 00           DCW              0x0083      ; 11  131  0.03198
   16 00000018 A7 01           DCW              0x01a7      ; 12  423  0.10327
   17 0000001A 57 03           DCW              0x0357      ; 13  855  0.20874
   18 0000001C 6E 05           DCW              0x056e      ; 14 1390  0.33936
   19 0000001E BD 07           DCW              0x07bd      ; 15 1981  0.48364
   20 00000020 12 0A           DCW              0x0a12      ; 16 2578  0.62939
   21 00000022 39 0C           DCW              0x0c39      ; 17 3129  0.76392
   22 00000024 04 0E           DCW              0x0e04      ; 18 3588  0.87598
   23 00000026 49 0F           DCW              0x0f49      ; 19 3913  0.95532
   24 00000028 EE 0F           DCW              0x0fee      ; 20 4078  0.99561
   25 0000002A E5 0F           DCW              0x0fe5      ; 21 4069  0.99341
   26 0000002C 2D 0F           DCW              0x0f2d      ; 22 3885  0.94849
   27 0000002E D7 0D           DCW              0x0dd7      ; 23 3543  0.86499
   28 00000030 00 0C           DCW              0x0c00      ; 24 3072  0.75000
   29 00000032 D1 09           DCW              0x09d1      ; 25 2513  0.61353
   30 00000034 7A 07           DCW              0x077a      ; 26 1914  0.46729
   31 00000036 2F 05           DCW              0x052f      ; 27 1327  0.32397
   32 00000038 21 03           DCW              0x0321      ; 28  801  0.19556
   33 0000003A 7F 01           DCW              0x017f      ; 29  383  0.09351
   34 0000003C 6D 00           DCW              0x006d      ; 30  109  0.02661
   35 0000003E 01 00           DCW              0x0001      ; 31    1  0.00024
   36 00000040 46 00           DCW              0x0046      ; 32   70  0.01709
   37 00000042 35 01           DCW              0x0135      ; 33  309  0.07544
   38 00000044 BA 02           DCW              0x02ba      ; 34  698  0.17041
   39 00000046 B3 04           DCW              0x04b3      ; 35 1203  0.29370
   40 00000048 F5 06           DCW              0x06f5      ; 36 1781  0.43481
   41 0000004A 4E 09           DCW              0x094e      ; 37 2382  0.58154
   42 0000004C 8A 0B           DCW              0x0b8a      ; 38 2954  0.72119
   43 0000004E 78 0D           DCW              0x0d78      ; 39 3448  0.84180
   44 00000050 EE 0E           DCW              0x0eee      ; 40 3822  0.93311
   45 00000052 CB 0F           DCW              0x0fcb      ; 41 4043  0.98706
   46 00000054 FC 0F           DCW              0x0ffc      ; 42 4092  0.99902
   47 00000056 7D 0F           DCW              0x0f7d      ; 43 3965  0.96802
   48 00000058 59 0E           DCW              0x0e59      ; 44 3673  0.89673
   49 0000005A A9 0C           DCW              0x0ca9      ; 45 3241  0.79126
   50 0000005C 92 0A           DCW              0x0a92      ; 46 2706  0.66064
   51 0000005E 43 08           DCW              0x0843      ; 47 2115  0.51636
   52 00000060 EE 05           DCW              0x05ee      ; 48 1518  0.37061
   53 00000062 C7 03           DCW              0x03c7      ; 49  967  0.23608
   54 00000064 FC 01           DCW              0x01fc      ; 50  508  0.12402
   55 00000066 B7 00           DCW              0x00b7      ; 51  183  0.04468
   56 00000068 12 00           DCW              0x0012      ; 52   18  0.00439
   57 0000006A 1B 00           DCW              0x001b      ; 53   27  0.00659
   58 0000006C D3 00           DCW              0x00d3      ; 54  211  0.05151
   59 0000006E 29 02           DCW              0x0229      ; 55  553  0.13501



ARM Macro Assembler    Page 2 


   60 00000070 00 04           DCW              0x0400      ; 56 1024  0.25000
   61 00000072 2F 06           DCW              0x062f      ; 57 1583  0.38647
   62 00000074 86 08           DCW              0x0886      ; 58 2182  0.53271
   63 00000076 D1 0A           DCW              0x0ad1      ; 59 2769  0.67603
   64 00000078 DF 0C           DCW              0x0cdf      ; 60 3295  0.80444
   65 0000007A 81 0E           DCW              0x0e81      ; 61 3713  0.90649
   66 0000007C 93 0F           DCW              0x0f93      ; 62 3987  0.97339
   67 0000007E FF 0F           DCW              0x0fff      ; 63 4095  0.99976
   68 00000080                 END
Command Line: --debug --xref --diag_suppress=9931 --cpu=Cortex-M3 --apcs=interw
ork --depend=.\obj\signal.d -o.\obj\signal.o -I.\RTE\_Simu -IC:\Programdata\Kei
l\Arm\Packs\ARM\CMSIS\5.7.0\CMSIS\Core\Include -IC:\Programdata\Keil\Arm\Packs\
Keil\STM32F1xx_DFP\2.3.0\Device\Include --predefine="__EVAL SETA 1" --predefine
="__MICROLIB SETA 1" --predefine="__UVISION_VERSION SETA 534" --predefine="_RTE
_ SETA 1" --predefine="STM32F10X_MD SETA 1" --predefine="_RTE_ SETA 1" --list=s
ignal.lst Src\Signal.asm



ARM Macro Assembler    Page 1 Alphabetic symbol ordering
Relocatable symbols

LeSignal 00000000

Symbol: LeSignal
   Definitions
      At line 3 in file Src\Signal.asm
   Uses
      At line 2 in file Src\Signal.asm
Comment: LeSignal used once
Signal 00000000

Symbol: Signal
   Definitions
      At line 1 in file Src\Signal.asm
   Uses
      None
Comment: Signal unused
2 symbols
337 symbols in table
